<?xml version="1.0" encoding="UTF-8"?>
<!-- Generated by org.testng.reporters.JUnitXMLReporter -->
<testsuite ignored="0" hostname="DESKTOP-QV5VV6U" failures="0" tests="2" name="ChatBot Tests" time="46.604" errors="0" timestamp="2023-04-12T23:04:20 EDT">
  <testcase classname="com.chat.qa.testcases.ExplainChatbotTest" name="verifyclickExplainChat" time="18.06"/>
  <testcase classname="com.chat.qa.testcases.BillingInquiryTest" name="verifyclickBilling" time="17.215"/>
</testsuite> <!-- ChatBot Tests -->
