<?xml version="1.0" encoding="UTF-8"?>
<testng-results ignored="0" total="2" passed="2" failed="0" skipped="0">
  <reporter-output>
  </reporter-output>
  <suite started-at="2023-04-12T23:03:32 EDT" name="ChatBot Automation Suite" finished-at="2023-04-12T23:04:18 EDT" duration-ms="46604">
    <groups>
    </groups>
    <test started-at="2023-04-12T23:03:32 EDT" name="ChatBot Tests" finished-at="2023-04-12T23:04:18 EDT" duration-ms="46604">
      <class name="com.chat.qa.testcases.ExplainChatbotTest">
        <test-method is-config="true" signature="setup()[pri:0, instance:com.chat.qa.testcases.ExplainChatbotTest@4ec4f3a0]" started-at="2023-04-12T23:03:32 EDT" name="setup" finished-at="2023-04-12T23:03:38 EDT" duration-ms="5663" status="PASS">
          <reporter-output>
          </reporter-output>
        </test-method> <!-- setup -->
        <test-method signature="verifyclickExplainChat()[pri:0, instance:com.chat.qa.testcases.ExplainChatbotTest@4ec4f3a0]" started-at="2023-04-12T23:03:38 EDT" name="verifyclickExplainChat" finished-at="2023-04-12T23:03:56 EDT" duration-ms="18060" status="PASS">
          <reporter-output>
          </reporter-output>
        </test-method> <!-- verifyclickExplainChat -->
        <test-method is-config="true" signature="tearDown()[pri:0, instance:com.chat.qa.testcases.ExplainChatbotTest@4ec4f3a0]" started-at="2023-04-12T23:03:56 EDT" name="tearDown" finished-at="2023-04-12T23:03:56 EDT" duration-ms="191" status="PASS">
          <reporter-output>
          </reporter-output>
        </test-method> <!-- tearDown -->
      </class> <!-- com.chat.qa.testcases.ExplainChatbotTest -->
      <class name="com.chat.qa.testcases.BillingInquiryTest">
        <test-method is-config="true" signature="setup()[pri:0, instance:com.chat.qa.testcases.BillingInquiryTest@368f2016]" started-at="2023-04-12T23:03:56 EDT" name="setup" finished-at="2023-04-12T23:04:01 EDT" duration-ms="4833" status="PASS">
          <reporter-output>
          </reporter-output>
        </test-method> <!-- setup -->
        <test-method signature="verifyclickBilling()[pri:0, instance:com.chat.qa.testcases.BillingInquiryTest@368f2016]" started-at="2023-04-12T23:04:01 EDT" name="verifyclickBilling" finished-at="2023-04-12T23:04:18 EDT" duration-ms="17215" status="PASS">
          <reporter-output>
          </reporter-output>
        </test-method> <!-- verifyclickBilling -->
        <test-method is-config="true" signature="tearDown()[pri:0, instance:com.chat.qa.testcases.BillingInquiryTest@368f2016]" started-at="2023-04-12T23:04:18 EDT" name="tearDown" finished-at="2023-04-12T23:04:18 EDT" duration-ms="251" status="PASS">
          <reporter-output>
          </reporter-output>
        </test-method> <!-- tearDown -->
      </class> <!-- com.chat.qa.testcases.BillingInquiryTest -->
    </test> <!-- ChatBot Tests -->
  </suite> <!-- ChatBot Automation Suite -->
</testng-results>
